<?xml version="1.0" encoding="utf-8"?><testsuites><testsuite name="pytest" errors="0" failures="0" skipped="4" tests="68" time="2.604" timestamp="2023-02-24T23:09:40.360528" hostname="ex-nb-rr-01"><testcase classname="tests.test_bm2xls.TestBm2xlxReadInput" name="test_read_input" time="0.011" /><testcase classname="tests.test_bm2xls.TestBm2xlxReadInput" name="test_validate_header_good" time="0.001" /><testcase classname="tests.test_bm2xls.TestBm2xlxReadInput" name="test_validate_header_bad" time="0.002" /><testcase classname="tests.test_bm2xls.TestBm2xlxWriteXlsx" name="test_convert_csv_to_excel" time="0.051" /><testcase classname="tests.test_bm2xls.TestBm2xlxDates" name="test_last_modified_date" time="0.003" /><testcase classname="tests.test_bm2xls.TestBm2xlxDates" name="test_start_end_date" time="0.001" /><testcase classname="tests.test_bm2xls.TestBm2xlxDates" name="test_date_string" time="0.002" /><testcase classname="tests.test_bm2xls.TestBm2xlxDates" name="test_false_date_string" time="0.002" /><testcase classname="tests.test_bm2xls.TestBm2xlxFormats" name="test_last_modified_format_de" time="0.024" /><testcase classname="tests.test_bm2xls.TestBm2xlxFormats" name="test_start_end_format_de" time="0.003" /><testcase classname="tests.test_bm2xls.TestBm2xlxFormats" name="test_start_end_format_en" time="0.002" /><testcase classname="tests.test_bm2xls.TestBm2xlxFormats" name="test_not_date_format" time="0.001" /><testcase classname="tests.test_bookmark.TestBookmark" name="test_basic_bookmark" time="0.002" /><testcase classname="tests.test_bookmark.TestBookmark" name="test_full_bookmark" time="0.015" /><testcase classname="tests.test_bookmark.TestBookmark" name="test_long_description_bookmark" time="0.001" /><testcase classname="tests.test_bookmark.TestBookmark" name="test_invalid_start_date_bookmark" time="0.004" /><testcase classname="tests.test_bookmark.TestBookmark" name="test_invalid_end_date_bookmark" time="0.002" /><testcase classname="tests.test_bookmark.TestBookmark" name="test_invalid_last_modified_date_bookmark" time="0.001" /><testcase classname="tests.test_bookmark.TestBookmarkHelpers" name="test_to_string_full_bookmark" time="0.012" /><testcase classname="tests.test_bookmark.TestBookmarkHelpers" name="test_to_string_empty_bookmark" time="0.001" /><testcase classname="tests.test_bookmark.TestBookmarkValidation" name="test_long_title_bookmark" time="0.001" /><testcase classname="tests.test_bookmark.TestBookmarkValidation" name="test_missing_url_bookmark" time="0.001" /><testcase classname="tests.test_bookmark.TestBookmarkValidation" name="test_missing_keyword_bookmark" time="0.001" /><testcase classname="tests.test_bookmark.TestBookmarkValidation" name="test_empty_keyword_bookmark" time="0.002" /><testcase classname="tests.test_bookmark.TestBookmarkValidation" name="test_long_description_bookmark" time="0.002" /><testcase classname="tests.test_bookmark.TestBookmarkValidation" name="test_valid_match_bookmark" time="0.001" /><testcase classname="tests.test_bookmark.TestBookmarkValidation" name="test_valid_state_bookmark" time="0.002" /><testcase classname="tests.test_bookmark.TestBookmarkValidation" name="test_reservered_keyword_in_keywords_bookmark" time="0.002" /><testcase classname="tests.test_bookmark.TestBookmarkValidation" name="test_keyword_in_reserved_keywords_bookmark" time="0.002" /><testcase classname="tests.test_bookmark.TestBookmarkValidation" name="test_country_region_bookmark" time="0.003" /><testcase classname="tests.test_bookmark.TestBookmarkValidation" name="test_aad_location_bookmark" time="0.001" /><testcase classname="tests.test_bookmark.TestBookmarkValidation" name="test_groups_bookmark" time="0.006" /><testcase classname="tests.test_bookmark.TestBookmarkValidation" name="test_devices_and_os_bookmark" time="0.004" /><testcase classname="tests.test_bookmark.TestBookmarkValidation" name="test_url_bookmark" time="0.004" /><testcase classname="tests.test_bookmark.TestBookmarkValidation" name="test_targeted_variations_bookmark[[{&quot;title&quot;:&quot;Test&quot;,&quot;description&quot;:&quot;Das ist nur ein Test von Roland&quot;,&quot;url&quot;:&quot;http://test-rr.de&quot;,&quot;device&quot;:&quot;pc-windows;pc-mac&quot;,&quot;country&quot;:&quot;aa&quot;}]-Variation Country 'aa']" time="0.010" /><testcase classname="tests.test_bookmark.TestBookmarkValidation" name="test_targeted_variations_bookmark[[{&quot;test&quot;:&quot;Test&quot;,&quot;description&quot;:&quot;Das ist nur ein Test von Roland&quot;,&quot;url&quot;:&quot;http://test-rr.de&quot;,&quot;device&quot;:&quot;pc-windows;pc-mac&quot;,&quot;country&quot;:&quot;it&quot;}]-Variations of 'Test']" time="0.004" /><testcase classname="tests.test_bookmark.TestBookmarkValidation" name="test_targeted_variations_bookmark[[{&quot;title&quot;:&quot;Test Lorem ipsum dolor sit amet, consetetur sadipscing elitr&quot;,&quot;description&quot;:&quot;Das ist nur ein Test von Roland&quot;,&quot;url&quot;:&quot;http://test-rr.de&quot;,&quot;device&quot;:&quot;pc-windows;pc-mac&quot;,&quot;country&quot;:&quot;it&quot;}]-Variation Title]" time="0.003" /><testcase classname="tests.test_bookmark.TestBookmarkValidation" name="test_targeted_variations_bookmark[[{&quot;title&quot;:&quot;Test&quot;,&quot;description&quot;:&quot;Das ist nur ein Test von Roland&quot;,&quot;url&quot;:&quot;www.test-rr.de&quot;,&quot;device&quot;:&quot;pc-windows;pc-mac&quot;,&quot;country&quot;:&quot;it&quot;}]-Variation URL]" time="0.004" /><testcase classname="tests.test_bookmark.TestBookmarkValidation" name="test_targeted_variations_bookmark[[{&quot;title&quot;:&quot;Test&quot;,&quot;description&quot;:&quot;Das ist nur ein Test von Roland&quot;,&quot;url&quot;:&quot;http://test-rr.de&quot;,&quot;device&quot;:&quot;pc&quot;,&quot;country&quot;:&quot;it&quot;}]-Variation Device]" time="0.007" /><testcase classname="tests.test_bookmark.TestBookmarkValidation" name="test_targeted_variations_bookmark[[{&quot;title&quot;:&quot;Test&quot;,&quot;description&quot;:&quot;Lorem ipsum dolor sit amet, consetetur sadipscing elitr,sed diam nonumy eirmod tempor invidunt ut labore et dolore magnaaliquyam erat, sed diam voluptua. At vero eos et accusam et justo duodolores et ea rebum. Stet clita kasd gubergren, no sea takimata sanctusest Lorem ipsum dolor sit amet. Lorem ipsum dolor sit amet, consetetursadipscing elitr, sed diam nonumy eirmod tempor invidunt ut labore etdolore magna aliquyam erat, sed diam voluptua. At vero eos et accusamet justo duo dolores et ea rebum. Stet clita kasd gubergren, no seatakimata sanctus est Lorem ipsum dolor sit amet.&quot;,&quot;url&quot;:&quot;http://test-rr.de&quot;,&quot;device&quot;:&quot;pc-windows;pc-mac&quot;,&quot;country&quot;:&quot;it&quot;}]-Variation Description]" time="0.003" /><testcase classname="tests.test_bookmark.TestBookmarkValidation" name="test_id_bookmark" time="0.002" /><testcase classname="tests.test_bookmark.TestBookmarkValidation" name="test_state_vs_start_date_bookmark" time="0.003" /><testcase classname="tests.test_bookmark.TestBookmarkValidation" name="test_end_date_in_past_bookmark" time="0.001" /><testcase classname="tests.test_bookmark.TestBookmarkValidation" name="test_end_date_before_start_date_bookmark" time="0.002" /><testcase classname="tests.test_bookmark.TestBookmarkValidation" name="test_outdated_end_date_bookmark" time="0.001" /><testcase classname="tests.test_bookmark_shelf.TestBookmarkShelfAdd" name="test_add_bookmark_to_shelf" time="0.008" /><testcase classname="tests.test_bookmark_shelf.TestBookmarkShelfAdd" name="test_add_identical_bookmark_to_shelf" time="0.008" /><testcase classname="tests.test_bookmark_shelf.TestBookmarkShelfAdd" name="test_add_bookmark_to_shelf_with_existing_reserved_keyword" time="0.002" /><testcase classname="tests.test_bookmark_shelf.TestBookmarkShelfAdd" name="test_add_reserved_keywords" time="0.001" /><testcase classname="tests.test_bookmark_shelf.TestBookmarkShelfAdd" name="test_add_identical_reserved_keywords" time="0.002" /><testcase classname="tests.test_bookmark_shelf.TestBookmarkShelfGet" name="test_get_no_bookmark_from_shelf" time="0.001" /><testcase classname="tests.test_bookmark_shelf.TestBookmarkShelfGet" name="test_get_bookmark_from_shelf" time="0.006" /><testcase classname="tests.test_bookmark_shelf.TestBookmarkShelfGet" name="test_get_bookmarks_from_shelf" time="0.006" /><testcase classname="tests.test_bookmark_shelf.TestBookmarkShelfValidate" name="test_validate_reserved_keywords" time="0.001" /><testcase classname="tests.test_enterprise_bookmarks_manager.TestEbmMain" name="test_main_1" time="0.002"><skipped type="pytest.skip" message="unconditional skip">C:\Users\roland\Programming\Privat\EnterpriseBookmarksManager.git\tests\test_enterprise_bookmarks_manager.py:47: unconditional skip</skipped></testcase><testcase classname="tests.test_enterprise_bookmarks_manager.TestEbmMain" name="test_main_2[-h]" time="0.001"><skipped type="pytest.skip" message="unconditional skip">C:\Users\roland\Programming\Privat\EnterpriseBookmarksManager.git\tests\test_enterprise_bookmarks_manager.py:56: unconditional skip</skipped></testcase><testcase classname="tests.test_enterprise_bookmarks_manager.TestEbmMain" name="test_main_2[--help]" time="0.001"><skipped type="pytest.skip" message="unconditional skip">C:\Users\roland\Programming\Privat\EnterpriseBookmarksManager.git\tests\test_enterprise_bookmarks_manager.py:56: unconditional skip</skipped></testcase><testcase classname="tests.test_enterprise_bookmarks_manager.TestEbmMain" name="test_main_3[-i sample.csv]" time="0.005" /><testcase classname="tests.test_enterprise_bookmarks_manager.TestEbmMain" name="test_main_3[-i sample.xlsx]" time="0.004" /><testcase classname="tests.test_enterprise_bookmarks_manager.TestEbmMain" name="test_run_from_command_line_1[sample.csv]" time="0.003" /><testcase classname="tests.test_enterprise_bookmarks_manager.TestEbmMain" name="test_run_from_command_line_1[sample.xlsx]" time="0.004" /><testcase classname="tests.test_enums.TestEnums" name="test_enums_countries" time="0.002" /><testcase classname="tests.test_utils.TestFilenameSuggestion" name="test_suggested_filename_xlsx" time="0.004" /><testcase classname="tests.test_utils.TestFilenameSuggestion" name="test_suggested_filename_csv" time="0.004" /><testcase classname="tests.test_utils.TestMostPossibleFile" name="test_most_possible_file_xlsx" time="0.331" /><testcase classname="tests.test_utils.TestMostPossibleFile" name="test_most_possible_file_csv" time="0.326" /><testcase classname="tests.test_xls2bm.TestXlsx2bmWriteOutput" name="test_write_init_output_file" time="0.001"><skipped type="pytest.skip" message="unconditional skip">C:\Users\roland\Programming\Privat\EnterpriseBookmarksManager.git\tests\test_xls2bm.py:44: unconditional skip</skipped></testcase><testcase classname="tests.test_xls2bm.TestXlsx2bmWriteOutput" name="test_append_to_output_file" time="0.011" /></testsuite></testsuites>