<?xml version="1.0" encoding="utf-8"?><testsuites><testsuite name="pytest" errors="0" failures="0" skipped="0" tests="45" time="2.328" timestamp="2023-01-11T09:25:38.296596" hostname="ex-nb-rr-01"><testcase classname="tests.test_bm2xls.TestBm2xlxReadInput" name="test_read_input" time="0.010" /><testcase classname="tests.test_bm2xls.TestBm2xlxReadInput" name="test_validate_header_good" time="0.001" /><testcase classname="tests.test_bm2xls.TestBm2xlxReadInput" name="test_validate_header_bad" time="0.002" /><testcase classname="tests.test_bm2xls.TestBm2xlxWriteXlsx" name="test_convert_csv_to_excel" time="0.052" /><testcase classname="tests.test_bm2xls.TestBm2xlxDates" name="test_last_modified_date" time="0.002" /><testcase classname="tests.test_bm2xls.TestBm2xlxDates" name="test_start_end_date" time="0.001" /><testcase classname="tests.test_bm2xls.TestBm2xlxDates" name="test_date_string" time="0.001" /><testcase classname="tests.test_bm2xls.TestBm2xlxDates" name="test_false_date_string" time="0.001" /><testcase classname="tests.test_bm2xls.TestBm2xlxFormats" name="test_last_modified_format_de" time="0.023" /><testcase classname="tests.test_bm2xls.TestBm2xlxFormats" name="test_start_end_format_de" time="0.002" /><testcase classname="tests.test_bm2xls.TestBm2xlxFormats" name="test_start_end_format_en" time="0.004" /><testcase classname="tests.test_bm2xls.TestBm2xlxFormats" name="test_not_date_format" time="0.001" /><testcase classname="tests.test_bookmark.TestBookmark" name="test_basic_bookmark" time="0.002" /><testcase classname="tests.test_bookmark.TestBookmark" name="test_full_bookmark" time="0.016" /><testcase classname="tests.test_bookmark.TestBookmarkHelpers" name="test_get_instance_bookmark" time="0.001" /><testcase classname="tests.test_bookmark.TestBookmarkValidation" name="test_missing_url_bookmark" time="0.006" /><testcase classname="tests.test_bookmark.TestBookmarkValidation" name="test_missing_keyword_bookmark" time="0.001" /><testcase classname="tests.test_bookmark.TestBookmarkValidation" name="test_valid_match_bookmark" time="0.001" /><testcase classname="tests.test_bookmark.TestBookmarkValidation" name="test_valid_state_bookmark" time="0.002" /><testcase classname="tests.test_bookmark.TestBookmarkValidation" name="test_reservered_keywords_bookmark" time="0.003" /><testcase classname="tests.test_bookmark.TestBookmarkValidation" name="test_country_region_bookmark" time="0.003" /><testcase classname="tests.test_bookmark.TestBookmarkValidation" name="test_aad_location_bookmark" time="0.001" /><testcase classname="tests.test_bookmark.TestBookmarkValidation" name="test_groups_bookmark" time="0.001" /><testcase classname="tests.test_bookmark.TestBookmarkValidation" name="test_devices_and_os_bookmark" time="0.002" /><testcase classname="tests.test_bookmark.TestBookmarkValidation" name="test_targeted_variations_1_bookmark" time="0.005" /><testcase classname="tests.test_bookmark.TestBookmarkValidation" name="test_targeted_variations_2_bookmark" time="0.002" /><testcase classname="tests.test_bookmark.TestBookmarkValidation" name="test_id_bookmark" time="0.001" /><testcase classname="tests.test_bookmark.TestBookmarkValidation" name="test_state_vs_start_date_bookmark" time="0.003" /><testcase classname="tests.test_bookmark.TestBookmarkValidation" name="test_start_date_vs_end_date_bookmark" time="0.002" /><testcase classname="tests.test_bookmark.TestBookmarkValidation" name="test_outdated_end_date_bookmark" time="0.002" /><testcase classname="tests.test_bookmark_shelf.TestBookmarkShelfAdd" name="test_add_bookmark_to_shelf" time="0.007" /><testcase classname="tests.test_bookmark_shelf.TestBookmarkShelfAdd" name="test_add_identical_bookmark_to_shelf" time="0.007" /><testcase classname="tests.test_bookmark_shelf.TestBookmarkShelfAdd" name="test_add_bookmark_to_shelf_with_existing_reserved_keyword" time="0.002" /><testcase classname="tests.test_bookmark_shelf.TestBookmarkShelfAdd" name="test_add_reserved_keywords" time="0.003" /><testcase classname="tests.test_bookmark_shelf.TestBookmarkShelfAdd" name="test_add_identical_reserved_keywords" time="0.002" /><testcase classname="tests.test_bookmark_shelf.TestBookmarkShelfGet" name="test_get_no_bookmark_from_shelf" time="0.001" /><testcase classname="tests.test_bookmark_shelf.TestBookmarkShelfGet" name="test_get_bookmark_from_shelf" time="0.005" /><testcase classname="tests.test_bookmark_shelf.TestBookmarkShelfGet" name="test_get_bookmarks_from_shelf" time="0.008" /><testcase classname="tests.test_bookmark_shelf.TestBookmarkShelfValidate" name="test_validate_reserved_keywords" time="0.001" /><testcase classname="tests.test_enums.TestEnums" name="test_enums_countries" time="0.004" /><testcase classname="tests.test_utils.TestFilenameSuggestion" name="test_suggested_filename_xlsx" time="0.004" /><testcase classname="tests.test_utils.TestFilenameSuggestion" name="test_suggested_filename_csv" time="0.003" /><testcase classname="tests.test_utils.TestMostPossibleFile" name="test_most_possible_file_xlsx" time="0.328" /><testcase classname="tests.test_utils.TestMostPossibleFile" name="test_most_possible_file_csv" time="0.325" /><testcase classname="tests.test_xls2bm" name="test_to_do" time="0.003" /></testsuite></testsuites>